2025-06-25T10:25:57.257+03:00  INFO 22364 --- [auth] [main] com.stupor.auth.AuthApplication       : Starting AuthApplication using Java 17.0.14 with PID 22364 (C:\Users\denis\Desktop\Auth\target\classes started by denis in C:\Users\denis\Desktop\Auth)
2025-06-25T10:25:57.262+03:00  INFO 22364 --- [auth] [main] com.stupor.auth.AuthApplication       : No active profile set, falling back to 1 default profile: "default"
2025-06-25T10:25:58.907+03:00  INFO 22364 --- [auth] [main] .s.d.r.c.RepositoryConfigurationDelegate : Bootstrapping Spring Data JPA repositories in DEFAULT mode.
2025-06-25T10:25:58.941+03:00  INFO 22364 --- [auth] [main] .s.d.r.c.RepositoryConfigurationDelegate : Finished Spring Data repository scanning in 22 ms. Found 0 JPA repository interfaces.
2025-06-25T10:25:59.414+03:00  INFO 22364 --- [auth] [main] o.s.cloud.context.scope.GenericScope     : BeanFactory id=5986a9d4-98d5-3277-8051-f7b4b06de838
2025-06-25T10:26:00.089+03:00  INFO 22364 --- [auth] [main] o.s.b.w.embedded.tomcat.TomcatWebServer  : Tomcat initialized with port 9001 (http)
2025-06-25T10:26:00.112+03:00  INFO 22364 --- [auth] [main] o.apache.catalina.core.StandardService   : Starting service [Tomcat]
2025-06-25T10:26:00.113+03:00  INFO 22364 --- [auth] [main] o.apache.catalina.core.StandardEngine    : Starting Servlet engine: [Apache Tomcat/10.1.40]
2025-06-25T10:26:00.400+03:00  INFO 22364 --- [auth] [main] o.a.c.c.C.[Tomcat].[localhost].[/]       : Initializing Spring embedded WebApplicationContext
2025-06-25T10:26:00.401+03:00  INFO 22364 --- [auth] [main] w.s.c.ServletWebServerApplicationContext : Root WebApplicationContext: initialization completed in 3070 ms
2025-06-25T10:26:00.712+03:00  WARN 22364 --- [auth] [main] ConfigServletWebServerApplicationContext : Exception encountered during context initialization - cancelling refresh attempt: org.springframework.beans.factory.BeanCreationException: Error creating bean with name 'entityManagerFactory' defined in class path resource [org/springframework/boot/autoconfigure/orm/jpa/HibernateJpaConfiguration.class]: Failed to initialize dependency 'dataSourceScriptDatabaseInitializer' of LoadTimeWeaverAware bean 'entityManagerFactory': Error creating bean with name 'dataSourceScriptDatabaseInitializer' defined in class path resource [org/springframework/boot/autoconfigure/sql/init/DataSourceInitializationConfiguration.class]: Unsatisfied dependency expressed through method 'dataSourceScriptDatabaseInitializer' parameter 0: Error creating bean with name 'dataSource' defined in class path resource [org/springframework/boot/autoconfigure/jdbc/DataSourceConfiguration$Hikari.class]: Failed to instantiate [com.zaxxer.hikari.HikariDataSource]: Factory method 'dataSource' threw exception with message: Failed to determine a suitable driver class
2025-06-25T10:26:00.742+03:00  INFO 22364 --- [auth] [main] o.apache.catalina.core.StandardService   : Stopping service [Tomcat]
2025-06-25T10:26:00.799+03:00  INFO 22364 --- [auth] [main] .s.b.a.l.ConditionEvaluationReportLogger : 

Error starting ApplicationContext. To display the condition evaluation report re-run your application with 'debug' enabled.
2025-06-25T10:26:00.889+03:00 ERROR 22364 --- [auth] [main] o.s.b.d.LoggingFailureAnalysisReporter   : 

***************************
APPLICATION FAILED TO START
***************************

Description:

Failed to configure a DataSource: 'url' attribute is not specified and no embedded datasource could be configured.

Reason: Failed to determine a suitable driver class


Action:

Consider the following:
	If you want an embedded database (H2, HSQL or Derby), please put it on the classpath.
	If you have database settings to be loaded from a particular profile you may need to activate it (no profiles are currently active).

2025-06-25T10:27:08.608+03:00  INFO 23012 --- [auth] [main] com.stupor.auth.AuthApplication       : Starting AuthApplication using Java 17.0.14 with PID 23012 (C:\Users\denis\Desktop\Auth\target\classes started by denis in C:\Users\denis\Desktop\Auth)
2025-06-25T10:27:08.611+03:00  INFO 23012 --- [auth] [main] com.stupor.auth.AuthApplication       : No active profile set, falling back to 1 default profile: "default"
2025-06-25T10:27:10.215+03:00  INFO 23012 --- [auth] [main] o.s.cloud.context.scope.GenericScope     : BeanFactory id=f86543d3-1cc4-3d7b-b3ae-aebe876df92c
2025-06-25T10:27:10.740+03:00  INFO 23012 --- [auth] [main] o.s.b.w.embedded.tomcat.TomcatWebServer  : Tomcat initialized with port 9001 (http)
2025-06-25T10:27:10.758+03:00  INFO 23012 --- [auth] [main] o.apache.catalina.core.StandardService   : Starting service [Tomcat]
2025-06-25T10:27:10.758+03:00  INFO 23012 --- [auth] [main] o.apache.catalina.core.StandardEngine    : Starting Servlet engine: [Apache Tomcat/10.1.40]
2025-06-25T10:27:10.860+03:00  INFO 23012 --- [auth] [main] o.a.c.c.C.[Tomcat].[localhost].[/]       : Initializing Spring embedded WebApplicationContext
2025-06-25T10:27:10.861+03:00  INFO 23012 --- [auth] [main] w.s.c.ServletWebServerApplicationContext : Root WebApplicationContext: initialization completed in 2186 ms
2025-06-25T10:27:12.583+03:00  INFO 23012 --- [auth] [main] DiscoveryClientOptionalArgsConfiguration : Eureka HTTP Client uses RestTemplate.
2025-06-25T10:27:12.628+03:00  WARN 23012 --- [auth] [main] iguration$LoadBalancerCaffeineWarnLogger : Spring Cloud LoadBalancer is currently working with the default cache. While this cache implementation is useful for development and tests, it's recommended to use Caffeine cache in production.You can switch to using Caffeine cache, by adding it and org.springframework.cache.caffeine.CaffeineCacheManager to the classpath.
2025-06-25T10:27:12.662+03:00  INFO 23012 --- [auth] [main] o.a.k.clients.admin.AdminClientConfig    : AdminClientConfig values: 
	auto.include.jmx.reporter = true
	bootstrap.controllers = []
	bootstrap.servers = [localhost:9094]
	client.dns.lookup = use_all_dns_ips
	client.id = auth-admin-0
	connections.max.idle.ms = 300000
	default.api.timeout.ms = 60000
	enable.metrics.push = true
	metadata.max.age.ms = 300000
	metadata.recovery.strategy = none
	metric.reporters = []
	metrics.num.samples = 2
	metrics.recording.level = INFO
	metrics.sample.window.ms = 30000
	receive.buffer.bytes = 65536
	reconnect.backoff.max.ms = 1000
	reconnect.backoff.ms = 50
	request.timeout.ms = 30000
	retries = 2147483647
	retry.backoff.max.ms = 1000
	retry.backoff.ms = 100
	sasl.client.callback.handler.class = null
	sasl.jaas.config = null
	sasl.kerberos.kinit.cmd = /usr/bin/kinit
	sasl.kerberos.min.time.before.relogin = 60000
	sasl.kerberos.service.name = null
	sasl.kerberos.ticket.renew.jitter = 0.05
	sasl.kerberos.ticket.renew.window.factor = 0.8
	sasl.login.callback.handler.class = null
	sasl.login.class = null
	sasl.login.connect.timeout.ms = null
	sasl.login.read.timeout.ms = null
	sasl.login.refresh.buffer.seconds = 300
	sasl.login.refresh.min.period.seconds = 60
	sasl.login.refresh.window.factor = 0.8
	sasl.login.refresh.window.jitter = 0.05
	sasl.login.retry.backoff.max.ms = 10000
	sasl.login.retry.backoff.ms = 100
	sasl.mechanism = GSSAPI
	sasl.oauthbearer.clock.skew.seconds = 30
	sasl.oauthbearer.expected.audience = null
	sasl.oauthbearer.expected.issuer = null
	sasl.oauthbearer.jwks.endpoint.refresh.ms = 3600000
	sasl.oauthbearer.jwks.endpoint.retry.backoff.max.ms = 10000
	sasl.oauthbearer.jwks.endpoint.retry.backoff.ms = 100
	sasl.oauthbearer.jwks.endpoint.url = null
	sasl.oauthbearer.scope.claim.name = scope
	sasl.oauthbearer.sub.claim.name = sub
	sasl.oauthbearer.token.endpoint.url = null
	security.protocol = PLAINTEXT
	security.providers = null
	send.buffer.bytes = 131072
	socket.connection.setup.timeout.max.ms = 30000
	socket.connection.setup.timeout.ms = 10000
	ssl.cipher.suites = null
	ssl.enabled.protocols = [TLSv1.2, TLSv1.3]
	ssl.endpoint.identification.algorithm = https
	ssl.engine.factory.class = null
	ssl.key.password = null
	ssl.keymanager.algorithm = SunX509
	ssl.keystore.certificate.chain = null
	ssl.keystore.key = null
	ssl.keystore.location = null
	ssl.keystore.password = null
	ssl.keystore.type = JKS
	ssl.protocol = TLSv1.3
	ssl.provider = null
	ssl.secure.random.implementation = null
	ssl.trustmanager.algorithm = PKIX
	ssl.truststore.certificates = null
	ssl.truststore.location = null
	ssl.truststore.password = null
	ssl.truststore.type = JKS

2025-06-25T10:27:12.836+03:00  INFO 23012 --- [auth] [main] o.a.kafka.common.utils.AppInfoParser     : Kafka version: 3.8.1
2025-06-25T10:27:12.838+03:00  INFO 23012 --- [auth] [main] o.a.kafka.common.utils.AppInfoParser     : Kafka commitId: 70d6ff42debf7e17
2025-06-25T10:27:12.838+03:00  INFO 23012 --- [auth] [main] o.a.kafka.common.utils.AppInfoParser     : Kafka startTimeMs: 1750836432833
2025-06-25T10:27:13.331+03:00  WARN 23012 --- [auth] [kafka-admin-client-thread | auth-admin-0] o.a.k.clients.admin.KafkaAdminClient     : [AdminClient clientId=auth-admin-0] The DescribeTopicPartitions API is not supported, using Metadata API to describe topics.
2025-06-25T10:27:13.636+03:00  INFO 23012 --- [auth] [kafka-admin-client-thread | auth-admin-0] o.a.kafka.common.utils.AppInfoParser     : App info kafka.admin.client for auth-admin-0 unregistered
2025-06-25T10:27:13.642+03:00  INFO 23012 --- [auth] [kafka-admin-client-thread | auth-admin-0] o.apache.kafka.common.metrics.Metrics    : Metrics scheduler closed
2025-06-25T10:27:13.642+03:00  INFO 23012 --- [auth] [kafka-admin-client-thread | auth-admin-0] o.apache.kafka.common.metrics.Metrics    : Closing reporter org.apache.kafka.common.metrics.JmxReporter
2025-06-25T10:27:13.643+03:00  INFO 23012 --- [auth] [kafka-admin-client-thread | auth-admin-0] o.apache.kafka.common.metrics.Metrics    : Metrics reporters closed
2025-06-25T10:27:13.665+03:00  INFO 23012 --- [auth] [main] o.s.c.n.eureka.InstanceInfoFactory       : Setting initial instance status as: STARTING
2025-06-25T10:27:13.700+03:00  INFO 23012 --- [auth] [main] com.netflix.discovery.DiscoveryClient    : Initializing Eureka in region us-east-1
2025-06-25T10:27:13.706+03:00  INFO 23012 --- [auth] [main] c.n.d.s.r.aws.ConfigClusterResolver      : Resolving eureka endpoints via configuration
2025-06-25T10:27:13.716+03:00  INFO 23012 --- [auth] [main] com.netflix.discovery.DiscoveryClient    : Disable delta property : false
2025-06-25T10:27:13.717+03:00  INFO 23012 --- [auth] [main] com.netflix.discovery.DiscoveryClient    : Single vip registry refresh property : null
2025-06-25T10:27:13.717+03:00  INFO 23012 --- [auth] [main] com.netflix.discovery.DiscoveryClient    : Force full registry fetch : false
2025-06-25T10:27:13.717+03:00  INFO 23012 --- [auth] [main] com.netflix.discovery.DiscoveryClient    : Application is null : false
2025-06-25T10:27:13.717+03:00  INFO 23012 --- [auth] [main] com.netflix.discovery.DiscoveryClient    : Registered Applications size is zero : true
2025-06-25T10:27:13.717+03:00  INFO 23012 --- [auth] [main] com.netflix.discovery.DiscoveryClient    : Application version is -1: true
2025-06-25T10:27:13.717+03:00  INFO 23012 --- [auth] [main] com.netflix.discovery.DiscoveryClient    : Getting all instance registry info from the eureka server
2025-06-25T10:27:14.125+03:00  INFO 23012 --- [auth] [main] com.netflix.discovery.DiscoveryClient    : The response status is 200
2025-06-25T10:27:14.128+03:00  INFO 23012 --- [auth] [main] com.netflix.discovery.DiscoveryClient    : Starting heartbeat executor: renew interval is: 30
2025-06-25T10:27:14.130+03:00  INFO 23012 --- [auth] [main] c.n.discovery.InstanceInfoReplicator     : InstanceInfoReplicator onDemand update allowed rate per min is 4
2025-06-25T10:27:14.133+03:00  INFO 23012 --- [auth] [main] com.netflix.discovery.DiscoveryClient    : Discovery Client initialized at timestamp 1750836434131 with initial instances count: 1
2025-06-25T10:27:14.136+03:00  INFO 23012 --- [auth] [main] o.s.c.n.e.s.EurekaServiceRegistry        : Registering application AUTH with eureka with status UP
2025-06-25T10:27:14.137+03:00  INFO 23012 --- [auth] [main] com.netflix.discovery.DiscoveryClient    : Saw local status change event StatusChangeEvent [timestamp=1750836434137, current=UP, previous=STARTING]
2025-06-25T10:27:14.139+03:00  INFO 23012 --- [auth] [DiscoveryClient-InstanceInfoReplicator-%d] com.netflix.discovery.DiscoveryClient    : DiscoveryClient_AUTH/192.168.0.165:9001: registering service...
2025-06-25T10:27:14.143+03:00  INFO 23012 --- [auth] [main] o.s.c.n.e.s.EurekaServiceRegistry        : Unregistering application AUTH with eureka with status DOWN
2025-06-25T10:27:14.144+03:00  INFO 23012 --- [auth] [main] com.netflix.discovery.DiscoveryClient    : Saw local status change event StatusChangeEvent [timestamp=1750836434144, current=DOWN, previous=UP]
2025-06-25T10:27:14.145+03:00  WARN 23012 --- [auth] [main] ConfigServletWebServerApplicationContext : Exception encountered during context initialization - cancelling refresh attempt: org.springframework.context.ApplicationContextException: Failed to start bean 'webServerStartStop'
2025-06-25T10:27:14.148+03:00  INFO 23012 --- [auth] [main] com.netflix.discovery.DiscoveryClient    : Shutting down DiscoveryClient ...
2025-06-25T10:27:14.186+03:00  INFO 23012 --- [auth] [DiscoveryClient-InstanceInfoReplicator-%d] com.netflix.discovery.DiscoveryClient    : DiscoveryClient_AUTH/192.168.0.165:9001 - registration status: 204
2025-06-25T10:27:14.187+03:00  INFO 23012 --- [auth] [DiscoveryClient-InstanceInfoReplicator-%d] com.netflix.discovery.DiscoveryClient    : DiscoveryClient_AUTH/192.168.0.165:9001: registering service...
2025-06-25T10:27:14.193+03:00  INFO 23012 --- [auth] [DiscoveryClient-InstanceInfoReplicator-%d] com.netflix.discovery.DiscoveryClient    : DiscoveryClient_AUTH/192.168.0.165:9001 - registration status: 204
2025-06-25T10:27:14.193+03:00  INFO 23012 --- [auth] [main] com.netflix.discovery.DiscoveryClient    : Unregistering ...
2025-06-25T10:27:14.202+03:00  INFO 23012 --- [auth] [main] com.netflix.discovery.DiscoveryClient    : DiscoveryClient_AUTH/192.168.0.165:9001 - deregister  status: 200
2025-06-25T10:27:14.203+03:00  INFO 23012 --- [auth] [main] com.netflix.discovery.DiscoveryClient    : Completed shut down of DiscoveryClient
2025-06-25T10:27:14.220+03:00  INFO 23012 --- [auth] [main] .s.b.a.l.ConditionEvaluationReportLogger : 

Error starting ApplicationContext. To display the condition evaluation report re-run your application with 'debug' enabled.
2025-06-25T10:27:14.238+03:00 ERROR 23012 --- [auth] [main] o.s.boot.SpringApplication               : Application run failed

org.springframework.context.ApplicationContextException: Failed to start bean 'webServerStartStop'
	at org.springframework.context.support.DefaultLifecycleProcessor.doStart(DefaultLifecycleProcessor.java:408) ~[spring-context-6.2.6.jar:6.2.6]
	at org.springframework.context.support.DefaultLifecycleProcessor.doStart(DefaultLifecycleProcessor.java:394) ~[spring-context-6.2.6.jar:6.2.6]
	at org.springframework.context.support.DefaultLifecycleProcessor$LifecycleGroup.start(DefaultLifecycleProcessor.java:586) ~[spring-context-6.2.6.jar:6.2.6]
	at java.base/java.lang.Iterable.forEach(Iterable.java:75) ~[na:na]
	at org.springframework.context.support.DefaultLifecycleProcessor.startBeans(DefaultLifecycleProcessor.java:364) ~[spring-context-6.2.6.jar:6.2.6]
	at org.springframework.context.support.DefaultLifecycleProcessor.onRefresh(DefaultLifecycleProcessor.java:310) ~[spring-context-6.2.6.jar:6.2.6]
	at org.springframework.context.support.AbstractApplicationContext.finishRefresh(AbstractApplicationContext.java:1006) ~[spring-context-6.2.6.jar:6.2.6]
	at org.springframework.context.support.AbstractApplicationContext.refresh(AbstractApplicationContext.java:630) ~[spring-context-6.2.6.jar:6.2.6]
	at org.springframework.boot.web.servlet.context.ServletWebServerApplicationContext.refresh(ServletWebServerApplicationContext.java:146) ~[spring-boot-3.4.5.jar:3.4.5]
	at org.springframework.boot.SpringApplication.refresh(SpringApplication.java:753) ~[spring-boot-3.4.5.jar:3.4.5]
	at org.springframework.boot.SpringApplication.refreshContext(SpringApplication.java:439) ~[spring-boot-3.4.5.jar:3.4.5]
	at org.springframework.boot.SpringApplication.run(SpringApplication.java:318) ~[spring-boot-3.4.5.jar:3.4.5]
	at org.springframework.boot.SpringApplication.run(SpringApplication.java:1362) ~[spring-boot-3.4.5.jar:3.4.5]
	at org.springframework.boot.SpringApplication.run(SpringApplication.java:1351) ~[spring-boot-3.4.5.jar:3.4.5]
	at com.stupor.auth.AuthApplication.main(AuthApplication.java:16) ~[classes/:na]
Caused by: org.springframework.boot.web.server.WebServerException: Unable to start embedded Tomcat server
	at org.springframework.boot.web.embedded.tomcat.TomcatWebServer.start(TomcatWebServer.java:251) ~[spring-boot-3.4.5.jar:3.4.5]
	at org.springframework.boot.web.servlet.context.WebServerStartStopLifecycle.start(WebServerStartStopLifecycle.java:44) ~[spring-boot-3.4.5.jar:3.4.5]
	at org.springframework.context.support.DefaultLifecycleProcessor.doStart(DefaultLifecycleProcessor.java:405) ~[spring-context-6.2.6.jar:6.2.6]
	... 14 common frames omitted
Caused by: java.lang.IllegalArgumentException: standardService.connector.startFailed
	at org.apache.catalina.core.StandardService.addConnector(StandardService.java:222) ~[tomcat-embed-core-10.1.40.jar:10.1.40]
	at org.springframework.boot.web.embedded.tomcat.TomcatWebServer.addPreviouslyRemovedConnectors(TomcatWebServer.java:310) ~[spring-boot-3.4.5.jar:3.4.5]
	at org.springframework.boot.web.embedded.tomcat.TomcatWebServer.start(TomcatWebServer.java:236) ~[spring-boot-3.4.5.jar:3.4.5]
	... 16 common frames omitted
Caused by: org.apache.catalina.LifecycleException: Protocol handler start failed
	at org.apache.catalina.connector.Connector.startInternal(Connector.java:1082) ~[tomcat-embed-core-10.1.40.jar:10.1.40]
	at org.apache.catalina.util.LifecycleBase.start(LifecycleBase.java:164) ~[tomcat-embed-core-10.1.40.jar:10.1.40]
	at org.apache.catalina.core.StandardService.addConnector(StandardService.java:219) ~[tomcat-embed-core-10.1.40.jar:10.1.40]
	... 18 common frames omitted
Caused by: java.net.BindException: Cannot assign requested address: bind
	at java.base/sun.nio.ch.Net.bind0(Native Method) ~[na:na]
	at java.base/sun.nio.ch.Net.bind(Net.java:555) ~[na:na]
	at java.base/sun.nio.ch.ServerSocketChannelImpl.netBind(ServerSocketChannelImpl.java:337) ~[na:na]
	at java.base/sun.nio.ch.ServerSocketChannelImpl.bind(ServerSocketChannelImpl.java:294) ~[na:na]
	at org.apache.tomcat.util.net.NioEndpoint.initServerSocket(NioEndpoint.java:240) ~[tomcat-embed-core-10.1.40.jar:10.1.40]
	at org.apache.tomcat.util.net.NioEndpoint.bind(NioEndpoint.java:195) ~[tomcat-embed-core-10.1.40.jar:10.1.40]
	at org.apache.tomcat.util.net.AbstractEndpoint.bindWithCleanup(AbstractEndpoint.java:1304) ~[tomcat-embed-core-10.1.40.jar:10.1.40]
	at org.apache.tomcat.util.net.AbstractEndpoint.start(AbstractEndpoint.java:1390) ~[tomcat-embed-core-10.1.40.jar:10.1.40]
	at org.apache.coyote.AbstractProtocol.start(AbstractProtocol.java:644) ~[tomcat-embed-core-10.1.40.jar:10.1.40]
	at org.apache.catalina.connector.Connector.startInternal(Connector.java:1079) ~[tomcat-embed-core-10.1.40.jar:10.1.40]
	... 20 common frames omitted

2025-06-25T10:28:11.204+03:00  INFO 2328 --- [auth] [main] com.stupor.auth.AuthApplication       : Starting AuthApplication using Java 17.0.14 with PID 2328 (C:\Users\denis\Desktop\Auth\target\classes started by denis in C:\Users\denis\Desktop\Auth)
2025-06-25T10:28:11.208+03:00  INFO 2328 --- [auth] [main] com.stupor.auth.AuthApplication       : No active profile set, falling back to 1 default profile: "default"
2025-06-25T10:28:12.431+03:00  INFO 2328 --- [auth] [main] o.s.cloud.context.scope.GenericScope     : BeanFactory id=f86543d3-1cc4-3d7b-b3ae-aebe876df92c
2025-06-25T10:28:12.924+03:00  INFO 2328 --- [auth] [main] o.s.b.w.embedded.tomcat.TomcatWebServer  : Tomcat initialized with port 9001 (http)
2025-06-25T10:28:12.939+03:00  INFO 2328 --- [auth] [main] o.apache.catalina.core.StandardService   : Starting service [Tomcat]
2025-06-25T10:28:12.940+03:00  INFO 2328 --- [auth] [main] o.apache.catalina.core.StandardEngine    : Starting Servlet engine: [Apache Tomcat/10.1.40]
2025-06-25T10:28:13.060+03:00  INFO 2328 --- [auth] [main] o.a.c.c.C.[Tomcat].[localhost].[/]       : Initializing Spring embedded WebApplicationContext
2025-06-25T10:28:13.061+03:00  INFO 2328 --- [auth] [main] w.s.c.ServletWebServerApplicationContext : Root WebApplicationContext: initialization completed in 1775 ms
2025-06-25T10:28:14.620+03:00  INFO 2328 --- [auth] [main] DiscoveryClientOptionalArgsConfiguration : Eureka HTTP Client uses RestTemplate.
2025-06-25T10:28:14.662+03:00  WARN 2328 --- [auth] [main] iguration$LoadBalancerCaffeineWarnLogger : Spring Cloud LoadBalancer is currently working with the default cache. While this cache implementation is useful for development and tests, it's recommended to use Caffeine cache in production.You can switch to using Caffeine cache, by adding it and org.springframework.cache.caffeine.CaffeineCacheManager to the classpath.
2025-06-25T10:28:14.697+03:00  INFO 2328 --- [auth] [main] o.a.k.clients.admin.AdminClientConfig    : AdminClientConfig values: 
	auto.include.jmx.reporter = true
	bootstrap.controllers = []
	bootstrap.servers = [localhost:9094]
	client.dns.lookup = use_all_dns_ips
	client.id = auth-admin-0
	connections.max.idle.ms = 300000
	default.api.timeout.ms = 60000
	enable.metrics.push = true
	metadata.max.age.ms = 300000
	metadata.recovery.strategy = none
	metric.reporters = []
	metrics.num.samples = 2
	metrics.recording.level = INFO
	metrics.sample.window.ms = 30000
	receive.buffer.bytes = 65536
	reconnect.backoff.max.ms = 1000
	reconnect.backoff.ms = 50
	request.timeout.ms = 30000
	retries = 2147483647
	retry.backoff.max.ms = 1000
	retry.backoff.ms = 100
	sasl.client.callback.handler.class = null
	sasl.jaas.config = null
	sasl.kerberos.kinit.cmd = /usr/bin/kinit
	sasl.kerberos.min.time.before.relogin = 60000
	sasl.kerberos.service.name = null
	sasl.kerberos.ticket.renew.jitter = 0.05
	sasl.kerberos.ticket.renew.window.factor = 0.8
	sasl.login.callback.handler.class = null
	sasl.login.class = null
	sasl.login.connect.timeout.ms = null
	sasl.login.read.timeout.ms = null
	sasl.login.refresh.buffer.seconds = 300
	sasl.login.refresh.min.period.seconds = 60
	sasl.login.refresh.window.factor = 0.8
	sasl.login.refresh.window.jitter = 0.05
	sasl.login.retry.backoff.max.ms = 10000
	sasl.login.retry.backoff.ms = 100
	sasl.mechanism = GSSAPI
	sasl.oauthbearer.clock.skew.seconds = 30
	sasl.oauthbearer.expected.audience = null
	sasl.oauthbearer.expected.issuer = null
	sasl.oauthbearer.jwks.endpoint.refresh.ms = 3600000
	sasl.oauthbearer.jwks.endpoint.retry.backoff.max.ms = 10000
	sasl.oauthbearer.jwks.endpoint.retry.backoff.ms = 100
	sasl.oauthbearer.jwks.endpoint.url = null
	sasl.oauthbearer.scope.claim.name = scope
	sasl.oauthbearer.sub.claim.name = sub
	sasl.oauthbearer.token.endpoint.url = null
	security.protocol = PLAINTEXT
	security.providers = null
	send.buffer.bytes = 131072
	socket.connection.setup.timeout.max.ms = 30000
	socket.connection.setup.timeout.ms = 10000
	ssl.cipher.suites = null
	ssl.enabled.protocols = [TLSv1.2, TLSv1.3]
	ssl.endpoint.identification.algorithm = https
	ssl.engine.factory.class = null
	ssl.key.password = null
	ssl.keymanager.algorithm = SunX509
	ssl.keystore.certificate.chain = null
	ssl.keystore.key = null
	ssl.keystore.location = null
	ssl.keystore.password = null
	ssl.keystore.type = JKS
	ssl.protocol = TLSv1.3
	ssl.provider = null
	ssl.secure.random.implementation = null
	ssl.trustmanager.algorithm = PKIX
	ssl.truststore.certificates = null
	ssl.truststore.location = null
	ssl.truststore.password = null
	ssl.truststore.type = JKS

2025-06-25T10:28:14.830+03:00  INFO 2328 --- [auth] [main] o.a.kafka.common.utils.AppInfoParser     : Kafka version: 3.8.1
2025-06-25T10:28:14.833+03:00  INFO 2328 --- [auth] [main] o.a.kafka.common.utils.AppInfoParser     : Kafka commitId: 70d6ff42debf7e17
2025-06-25T10:28:14.833+03:00  INFO 2328 --- [auth] [main] o.a.kafka.common.utils.AppInfoParser     : Kafka startTimeMs: 1750836494828
2025-06-25T10:28:15.282+03:00  WARN 2328 --- [auth] [kafka-admin-client-thread | auth-admin-0] o.a.k.clients.admin.KafkaAdminClient     : [AdminClient clientId=auth-admin-0] The DescribeTopicPartitions API is not supported, using Metadata API to describe topics.
2025-06-25T10:28:15.292+03:00  INFO 2328 --- [auth] [kafka-admin-client-thread | auth-admin-0] o.a.kafka.common.utils.AppInfoParser     : App info kafka.admin.client for auth-admin-0 unregistered
2025-06-25T10:28:15.297+03:00  INFO 2328 --- [auth] [kafka-admin-client-thread | auth-admin-0] o.apache.kafka.common.metrics.Metrics    : Metrics scheduler closed
2025-06-25T10:28:15.297+03:00  INFO 2328 --- [auth] [kafka-admin-client-thread | auth-admin-0] o.apache.kafka.common.metrics.Metrics    : Closing reporter org.apache.kafka.common.metrics.JmxReporter
2025-06-25T10:28:15.297+03:00  INFO 2328 --- [auth] [kafka-admin-client-thread | auth-admin-0] o.apache.kafka.common.metrics.Metrics    : Metrics reporters closed
2025-06-25T10:28:15.312+03:00  INFO 2328 --- [auth] [main] o.s.c.n.eureka.InstanceInfoFactory       : Setting initial instance status as: STARTING
2025-06-25T10:28:15.339+03:00  INFO 2328 --- [auth] [main] com.netflix.discovery.DiscoveryClient    : Initializing Eureka in region us-east-1
2025-06-25T10:28:15.343+03:00  INFO 2328 --- [auth] [main] c.n.d.s.r.aws.ConfigClusterResolver      : Resolving eureka endpoints via configuration
2025-06-25T10:28:15.357+03:00  INFO 2328 --- [auth] [main] com.netflix.discovery.DiscoveryClient    : Disable delta property : false
2025-06-25T10:28:15.358+03:00  INFO 2328 --- [auth] [main] com.netflix.discovery.DiscoveryClient    : Single vip registry refresh property : null
2025-06-25T10:28:15.358+03:00  INFO 2328 --- [auth] [main] com.netflix.discovery.DiscoveryClient    : Force full registry fetch : false
2025-06-25T10:28:15.358+03:00  INFO 2328 --- [auth] [main] com.netflix.discovery.DiscoveryClient    : Application is null : false
2025-06-25T10:28:15.358+03:00  INFO 2328 --- [auth] [main] com.netflix.discovery.DiscoveryClient    : Registered Applications size is zero : true
2025-06-25T10:28:15.358+03:00  INFO 2328 --- [auth] [main] com.netflix.discovery.DiscoveryClient    : Application version is -1: true
2025-06-25T10:28:15.358+03:00  INFO 2328 --- [auth] [main] com.netflix.discovery.DiscoveryClient    : Getting all instance registry info from the eureka server
2025-06-25T10:28:15.681+03:00  INFO 2328 --- [auth] [main] com.netflix.discovery.DiscoveryClient    : The response status is 200
2025-06-25T10:28:15.684+03:00  INFO 2328 --- [auth] [main] com.netflix.discovery.DiscoveryClient    : Starting heartbeat executor: renew interval is: 30
2025-06-25T10:28:15.686+03:00  INFO 2328 --- [auth] [main] c.n.discovery.InstanceInfoReplicator     : InstanceInfoReplicator onDemand update allowed rate per min is 4
2025-06-25T10:28:15.688+03:00  INFO 2328 --- [auth] [main] com.netflix.discovery.DiscoveryClient    : Discovery Client initialized at timestamp 1750836495687 with initial instances count: 1
2025-06-25T10:28:15.692+03:00  INFO 2328 --- [auth] [main] o.s.c.n.e.s.EurekaServiceRegistry        : Registering application AUTH with eureka with status UP
2025-06-25T10:28:15.693+03:00  INFO 2328 --- [auth] [main] com.netflix.discovery.DiscoveryClient    : Saw local status change event StatusChangeEvent [timestamp=1750836495693, current=UP, previous=STARTING]
2025-06-25T10:28:15.695+03:00  INFO 2328 --- [auth] [DiscoveryClient-InstanceInfoReplicator-%d] com.netflix.discovery.DiscoveryClient    : DiscoveryClient_AUTH/192.168.31.50:9001: registering service...
2025-06-25T10:28:15.710+03:00  INFO 2328 --- [auth] [main] o.s.b.w.embedded.tomcat.TomcatWebServer  : Tomcat started on port 9001 (http) with context path '/'
2025-06-25T10:28:15.711+03:00  INFO 2328 --- [auth] [main] .s.c.n.e.s.EurekaAutoServiceRegistration : Updating port to 9001
2025-06-25T10:28:15.737+03:00  INFO 2328 --- [auth] [DiscoveryClient-InstanceInfoReplicator-%d] com.netflix.discovery.DiscoveryClient    : DiscoveryClient_AUTH/192.168.31.50:9001 - registration status: 204
2025-06-25T10:28:15.850+03:00  INFO 2328 --- [auth] [main] com.stupor.auth.AuthApplication       : Started AuthApplication in 5.413 seconds (process running for 6.143)
2025-06-25T10:28:51.997+03:00  INFO 2328 --- [auth] [http-nio-192.168.31.50-9001-exec-1] o.a.c.c.C.[Tomcat].[localhost].[/]       : Initializing Spring DispatcherServlet 'dispatcherServlet'
2025-06-25T10:28:51.997+03:00  INFO 2328 --- [auth] [http-nio-192.168.31.50-9001-exec-1] o.s.web.servlet.DispatcherServlet        : Initializing Servlet 'dispatcherServlet'
2025-06-25T10:28:51.999+03:00  INFO 2328 --- [auth] [http-nio-192.168.31.50-9001-exec-1] o.s.web.servlet.DispatcherServlet        : Completed initialization in 0 ms
2025-06-25T10:30:40.402+03:00  INFO 2328 --- [auth] [SpringApplicationShutdownHook] o.s.c.n.e.s.EurekaServiceRegistry        : Unregistering application AUTH with eureka with status DOWN
2025-06-25T10:30:40.402+03:00  INFO 2328 --- [auth] [SpringApplicationShutdownHook] com.netflix.discovery.DiscoveryClient    : Saw local status change event StatusChangeEvent [timestamp=1750836640402, current=DOWN, previous=UP]
2025-06-25T10:30:40.403+03:00  INFO 2328 --- [auth] [DiscoveryClient-InstanceInfoReplicator-%d] com.netflix.discovery.DiscoveryClient    : DiscoveryClient_AUTH/192.168.31.50:9001: registering service...
2025-06-25T10:30:40.405+03:00  INFO 2328 --- [auth] [SpringApplicationShutdownHook] o.s.b.w.e.tomcat.GracefulShutdown        : Commencing graceful shutdown. Waiting for active requests to complete
2025-06-25T10:30:40.408+03:00  INFO 2328 --- [auth] [tomcat-shutdown] o.s.b.w.e.tomcat.GracefulShutdown        : Graceful shutdown complete
2025-06-25T10:30:40.415+03:00  INFO 2328 --- [auth] [DiscoveryClient-InstanceInfoReplicator-%d] com.netflix.discovery.DiscoveryClient    : DiscoveryClient_AUTH/192.168.31.50:9001 - registration status: 204
2025-06-25T10:30:40.416+03:00  INFO 2328 --- [auth] [SpringApplicationShutdownHook] com.netflix.discovery.DiscoveryClient    : Shutting down DiscoveryClient ...
2025-06-25T10:30:44.494+03:00  INFO 5636 --- [auth] [main] com.stupor.auth.AuthApplication       : Starting AuthApplication using Java 17.0.14 with PID 5636 (C:\Users\denis\Desktop\Auth\target\classes started by denis in C:\Users\denis\Desktop\Auth)
2025-06-25T10:30:44.499+03:00  INFO 5636 --- [auth] [main] com.stupor.auth.AuthApplication       : No active profile set, falling back to 1 default profile: "default"
2025-06-25T10:30:46.046+03:00  INFO 5636 --- [auth] [main] o.s.cloud.context.scope.GenericScope     : BeanFactory id=f86543d3-1cc4-3d7b-b3ae-aebe876df92c
2025-06-25T10:30:46.696+03:00  INFO 5636 --- [auth] [main] o.s.b.w.embedded.tomcat.TomcatWebServer  : Tomcat initialized with port 9001 (http)
2025-06-25T10:30:46.715+03:00  INFO 5636 --- [auth] [main] o.apache.catalina.core.StandardService   : Starting service [Tomcat]
2025-06-25T10:30:46.715+03:00  INFO 5636 --- [auth] [main] o.apache.catalina.core.StandardEngine    : Starting Servlet engine: [Apache Tomcat/10.1.40]
2025-06-25T10:30:46.907+03:00  INFO 5636 --- [auth] [main] o.a.c.c.C.[Tomcat].[localhost].[/]       : Initializing Spring embedded WebApplicationContext
2025-06-25T10:30:46.908+03:00  INFO 5636 --- [auth] [main] w.s.c.ServletWebServerApplicationContext : Root WebApplicationContext: initialization completed in 2320 ms
2025-06-25T10:30:48.588+03:00  INFO 5636 --- [auth] [main] DiscoveryClientOptionalArgsConfiguration : Eureka HTTP Client uses RestTemplate.
2025-06-25T10:30:48.645+03:00  WARN 5636 --- [auth] [main] iguration$LoadBalancerCaffeineWarnLogger : Spring Cloud LoadBalancer is currently working with the default cache. While this cache implementation is useful for development and tests, it's recommended to use Caffeine cache in production.You can switch to using Caffeine cache, by adding it and org.springframework.cache.caffeine.CaffeineCacheManager to the classpath.
2025-06-25T10:30:48.686+03:00  INFO 5636 --- [auth] [main] o.a.k.clients.admin.AdminClientConfig    : AdminClientConfig values: 
	auto.include.jmx.reporter = true
	bootstrap.controllers = []
	bootstrap.servers = [localhost:9094]
	client.dns.lookup = use_all_dns_ips
	client.id = auth-admin-0
	connections.max.idle.ms = 300000
	default.api.timeout.ms = 60000
	enable.metrics.push = true
	metadata.max.age.ms = 300000
	metadata.recovery.strategy = none
	metric.reporters = []
	metrics.num.samples = 2
	metrics.recording.level = INFO
	metrics.sample.window.ms = 30000
	receive.buffer.bytes = 65536
	reconnect.backoff.max.ms = 1000
	reconnect.backoff.ms = 50
	request.timeout.ms = 30000
	retries = 2147483647
	retry.backoff.max.ms = 1000
	retry.backoff.ms = 100
	sasl.client.callback.handler.class = null
	sasl.jaas.config = null
	sasl.kerberos.kinit.cmd = /usr/bin/kinit
	sasl.kerberos.min.time.before.relogin = 60000
	sasl.kerberos.service.name = null
	sasl.kerberos.ticket.renew.jitter = 0.05
	sasl.kerberos.ticket.renew.window.factor = 0.8
	sasl.login.callback.handler.class = null
	sasl.login.class = null
	sasl.login.connect.timeout.ms = null
	sasl.login.read.timeout.ms = null
	sasl.login.refresh.buffer.seconds = 300
	sasl.login.refresh.min.period.seconds = 60
	sasl.login.refresh.window.factor = 0.8
	sasl.login.refresh.window.jitter = 0.05
	sasl.login.retry.backoff.max.ms = 10000
	sasl.login.retry.backoff.ms = 100
	sasl.mechanism = GSSAPI
	sasl.oauthbearer.clock.skew.seconds = 30
	sasl.oauthbearer.expected.audience = null
	sasl.oauthbearer.expected.issuer = null
	sasl.oauthbearer.jwks.endpoint.refresh.ms = 3600000
	sasl.oauthbearer.jwks.endpoint.retry.backoff.max.ms = 10000
	sasl.oauthbearer.jwks.endpoint.retry.backoff.ms = 100
	sasl.oauthbearer.jwks.endpoint.url = null
	sasl.oauthbearer.scope.claim.name = scope
	sasl.oauthbearer.sub.claim.name = sub
	sasl.oauthbearer.token.endpoint.url = null
	security.protocol = PLAINTEXT
	security.providers = null
	send.buffer.bytes = 131072
	socket.connection.setup.timeout.max.ms = 30000
	socket.connection.setup.timeout.ms = 10000
	ssl.cipher.suites = null
	ssl.enabled.protocols = [TLSv1.2, TLSv1.3]
	ssl.endpoint.identification.algorithm = https
	ssl.engine.factory.class = null
	ssl.key.password = null
	ssl.keymanager.algorithm = SunX509
	ssl.keystore.certificate.chain = null
	ssl.keystore.key = null
	ssl.keystore.location = null
	ssl.keystore.password = null
	ssl.keystore.type = JKS
	ssl.protocol = TLSv1.3
	ssl.provider = null
	ssl.secure.random.implementation = null
	ssl.trustmanager.algorithm = PKIX
	ssl.truststore.certificates = null
	ssl.truststore.location = null
	ssl.truststore.password = null
	ssl.truststore.type = JKS

2025-06-25T10:30:48.853+03:00  INFO 5636 --- [auth] [main] o.a.kafka.common.utils.AppInfoParser     : Kafka version: 3.8.1
2025-06-25T10:30:48.855+03:00  INFO 5636 --- [auth] [main] o.a.kafka.common.utils.AppInfoParser     : Kafka commitId: 70d6ff42debf7e17
2025-06-25T10:30:48.855+03:00  INFO 5636 --- [auth] [main] o.a.kafka.common.utils.AppInfoParser     : Kafka startTimeMs: 1750836648850
2025-06-25T10:30:49.338+03:00  WARN 5636 --- [auth] [kafka-admin-client-thread | auth-admin-0] o.a.k.clients.admin.KafkaAdminClient     : [AdminClient clientId=auth-admin-0] The DescribeTopicPartitions API is not supported, using Metadata API to describe topics.
2025-06-25T10:30:49.350+03:00  INFO 5636 --- [auth] [kafka-admin-client-thread | auth-admin-0] o.a.kafka.common.utils.AppInfoParser     : App info kafka.admin.client for auth-admin-0 unregistered
2025-06-25T10:30:49.355+03:00  INFO 5636 --- [auth] [kafka-admin-client-thread | auth-admin-0] o.apache.kafka.common.metrics.Metrics    : Metrics scheduler closed
2025-06-25T10:30:49.355+03:00  INFO 5636 --- [auth] [kafka-admin-client-thread | auth-admin-0] o.apache.kafka.common.metrics.Metrics    : Closing reporter org.apache.kafka.common.metrics.JmxReporter
2025-06-25T10:30:49.355+03:00  INFO 5636 --- [auth] [kafka-admin-client-thread | auth-admin-0] o.apache.kafka.common.metrics.Metrics    : Metrics reporters closed
2025-06-25T10:30:49.380+03:00  INFO 5636 --- [auth] [main] o.s.c.n.eureka.InstanceInfoFactory       : Setting initial instance status as: STARTING
2025-06-25T10:30:49.414+03:00  INFO 5636 --- [auth] [main] com.netflix.discovery.DiscoveryClient    : Initializing Eureka in region us-east-1
2025-06-25T10:30:49.420+03:00  INFO 5636 --- [auth] [main] c.n.d.s.r.aws.ConfigClusterResolver      : Resolving eureka endpoints via configuration
2025-06-25T10:30:49.435+03:00  INFO 5636 --- [auth] [main] com.netflix.discovery.DiscoveryClient    : Disable delta property : false
2025-06-25T10:30:49.435+03:00  INFO 5636 --- [auth] [main] com.netflix.discovery.DiscoveryClient    : Single vip registry refresh property : null
2025-06-25T10:30:49.436+03:00  INFO 5636 --- [auth] [main] com.netflix.discovery.DiscoveryClient    : Force full registry fetch : false
2025-06-25T10:30:49.436+03:00  INFO 5636 --- [auth] [main] com.netflix.discovery.DiscoveryClient    : Application is null : false
2025-06-25T10:30:49.436+03:00  INFO 5636 --- [auth] [main] com.netflix.discovery.DiscoveryClient    : Registered Applications size is zero : true
2025-06-25T10:30:49.436+03:00  INFO 5636 --- [auth] [main] com.netflix.discovery.DiscoveryClient    : Application version is -1: true
2025-06-25T10:30:49.436+03:00  INFO 5636 --- [auth] [main] com.netflix.discovery.DiscoveryClient    : Getting all instance registry info from the eureka server
2025-06-25T10:30:50.089+03:00  INFO 5636 --- [auth] [main] com.netflix.discovery.DiscoveryClient    : The response status is 200
2025-06-25T10:30:50.092+03:00  INFO 5636 --- [auth] [main] com.netflix.discovery.DiscoveryClient    : Starting heartbeat executor: renew interval is: 30
2025-06-25T10:30:50.095+03:00  INFO 5636 --- [auth] [main] c.n.discovery.InstanceInfoReplicator     : InstanceInfoReplicator onDemand update allowed rate per min is 4
2025-06-25T10:30:50.097+03:00  INFO 5636 --- [auth] [main] com.netflix.discovery.DiscoveryClient    : Discovery Client initialized at timestamp 1750836650096 with initial instances count: 2
2025-06-25T10:30:50.100+03:00  INFO 5636 --- [auth] [main] o.s.c.n.e.s.EurekaServiceRegistry        : Registering application AUTH with eureka with status UP
2025-06-25T10:30:50.101+03:00  INFO 5636 --- [auth] [main] com.netflix.discovery.DiscoveryClient    : Saw local status change event StatusChangeEvent [timestamp=1750836650101, current=UP, previous=STARTING]
2025-06-25T10:30:50.103+03:00  INFO 5636 --- [auth] [DiscoveryClient-InstanceInfoReplicator-%d] com.netflix.discovery.DiscoveryClient    : DiscoveryClient_AUTH/192.168.31.50:9001: registering service...
2025-06-25T10:30:50.127+03:00  INFO 5636 --- [auth] [main] o.s.b.w.embedded.tomcat.TomcatWebServer  : Tomcat started on port 9001 (http) with context path '/'
2025-06-25T10:30:50.128+03:00  INFO 5636 --- [auth] [main] .s.c.n.e.s.EurekaAutoServiceRegistration : Updating port to 9001
2025-06-25T10:30:50.195+03:00  INFO 5636 --- [auth] [DiscoveryClient-InstanceInfoReplicator-%d] com.netflix.discovery.DiscoveryClient    : DiscoveryClient_AUTH/192.168.31.50:9001 - registration status: 204
2025-06-25T10:30:50.334+03:00  INFO 5636 --- [auth] [main] com.stupor.auth.AuthApplication       : Started AuthApplication in 6.63 seconds (process running for 7.343)
2025-06-25T10:30:57.272+03:00  INFO 5636 --- [auth] [http-nio-192.168.31.50-9001-exec-1] o.a.c.c.C.[Tomcat].[localhost].[/]       : Initializing Spring DispatcherServlet 'dispatcherServlet'
2025-06-25T10:30:57.272+03:00  INFO 5636 --- [auth] [http-nio-192.168.31.50-9001-exec-1] o.s.web.servlet.DispatcherServlet        : Initializing Servlet 'dispatcherServlet'
2025-06-25T10:30:57.274+03:00  INFO 5636 --- [auth] [http-nio-192.168.31.50-9001-exec-1] o.s.web.servlet.DispatcherServlet        : Completed initialization in 2 ms
2025-06-25T10:31:09.108+03:00  INFO 5636 --- [auth] [SpringApplicationShutdownHook] o.s.c.n.e.s.EurekaServiceRegistry        : Unregistering application AUTH with eureka with status DOWN
2025-06-25T10:31:09.108+03:00  INFO 5636 --- [auth] [SpringApplicationShutdownHook] com.netflix.discovery.DiscoveryClient    : Saw local status change event StatusChangeEvent [timestamp=1750836669108, current=DOWN, previous=UP]
2025-06-25T10:31:09.109+03:00  INFO 5636 --- [auth] [DiscoveryClient-InstanceInfoReplicator-%d] com.netflix.discovery.DiscoveryClient    : DiscoveryClient_AUTH/192.168.31.50:9001: registering service...
2025-06-25T10:31:09.112+03:00  INFO 5636 --- [auth] [SpringApplicationShutdownHook] o.s.b.w.e.tomcat.GracefulShutdown        : Commencing graceful shutdown. Waiting for active requests to complete
2025-06-25T10:31:09.115+03:00  INFO 5636 --- [auth] [tomcat-shutdown] o.s.b.w.e.tomcat.GracefulShutdown        : Graceful shutdown complete
2025-06-25T10:31:09.120+03:00  INFO 5636 --- [auth] [SpringApplicationShutdownHook] com.netflix.discovery.DiscoveryClient    : Shutting down DiscoveryClient ...
2025-06-25T10:31:09.123+03:00  INFO 5636 --- [auth] [DiscoveryClient-InstanceInfoReplicator-%d] com.netflix.discovery.DiscoveryClient    : DiscoveryClient_AUTH/192.168.31.50:9001 - registration status: 204
2025-06-25T10:31:09.123+03:00  INFO 5636 --- [auth] [SpringApplicationShutdownHook] com.netflix.discovery.DiscoveryClient    : Unregistering ...
2025-06-25T10:31:09.130+03:00  INFO 5636 --- [auth] [SpringApplicationShutdownHook] com.netflix.discovery.DiscoveryClient    : DiscoveryClient_AUTH/192.168.31.50:9001 - deregister  status: 200
2025-06-25T10:31:09.131+03:00  INFO 5636 --- [auth] [SpringApplicationShutdownHook] com.netflix.discovery.DiscoveryClient    : Completed shut down of DiscoveryClient
2025-06-25T10:31:39.389+03:00  INFO 19748 --- [auth] [main] com.stupor.auth.AuthApplication       : Starting AuthApplication using Java 17.0.14 with PID 19748 (C:\Users\denis\Desktop\Auth\target\classes started by denis in C:\Users\denis\Desktop\Auth)
2025-06-25T10:31:39.395+03:00  INFO 19748 --- [auth] [main] com.stupor.auth.AuthApplication       : No active profile set, falling back to 1 default profile: "default"
2025-06-25T10:31:40.750+03:00  INFO 19748 --- [auth] [main] o.s.cloud.context.scope.GenericScope     : BeanFactory id=f86543d3-1cc4-3d7b-b3ae-aebe876df92c
2025-06-25T10:31:41.249+03:00  INFO 19748 --- [auth] [main] o.s.b.w.embedded.tomcat.TomcatWebServer  : Tomcat initialized with port 9001 (http)
2025-06-25T10:31:41.264+03:00  INFO 19748 --- [auth] [main] o.apache.catalina.core.StandardService   : Starting service [Tomcat]
2025-06-25T10:31:41.264+03:00  INFO 19748 --- [auth] [main] o.apache.catalina.core.StandardEngine    : Starting Servlet engine: [Apache Tomcat/10.1.40]
2025-06-25T10:31:41.358+03:00  INFO 19748 --- [auth] [main] o.a.c.c.C.[Tomcat].[localhost].[/]       : Initializing Spring embedded WebApplicationContext
2025-06-25T10:31:41.358+03:00  INFO 19748 --- [auth] [main] w.s.c.ServletWebServerApplicationContext : Root WebApplicationContext: initialization completed in 1911 ms
2025-06-25T10:31:43.004+03:00  INFO 19748 --- [auth] [main] DiscoveryClientOptionalArgsConfiguration : Eureka HTTP Client uses RestTemplate.
2025-06-25T10:31:43.053+03:00  WARN 19748 --- [auth] [main] iguration$LoadBalancerCaffeineWarnLogger : Spring Cloud LoadBalancer is currently working with the default cache. While this cache implementation is useful for development and tests, it's recommended to use Caffeine cache in production.You can switch to using Caffeine cache, by adding it and org.springframework.cache.caffeine.CaffeineCacheManager to the classpath.
2025-06-25T10:31:43.083+03:00  INFO 19748 --- [auth] [main] o.a.k.clients.admin.AdminClientConfig    : AdminClientConfig values: 
	auto.include.jmx.reporter = true
	bootstrap.controllers = []
	bootstrap.servers = [localhost:9094]
	client.dns.lookup = use_all_dns_ips
	client.id = auth-admin-0
	connections.max.idle.ms = 300000
	default.api.timeout.ms = 60000
	enable.metrics.push = true
	metadata.max.age.ms = 300000
	metadata.recovery.strategy = none
	metric.reporters = []
	metrics.num.samples = 2
	metrics.recording.level = INFO
	metrics.sample.window.ms = 30000
	receive.buffer.bytes = 65536
	reconnect.backoff.max.ms = 1000
	reconnect.backoff.ms = 50
	request.timeout.ms = 30000
	retries = 2147483647
	retry.backoff.max.ms = 1000
	retry.backoff.ms = 100
	sasl.client.callback.handler.class = null
	sasl.jaas.config = null
	sasl.kerberos.kinit.cmd = /usr/bin/kinit
	sasl.kerberos.min.time.before.relogin = 60000
	sasl.kerberos.service.name = null
	sasl.kerberos.ticket.renew.jitter = 0.05
	sasl.kerberos.ticket.renew.window.factor = 0.8
	sasl.login.callback.handler.class = null
	sasl.login.class = null
	sasl.login.connect.timeout.ms = null
	sasl.login.read.timeout.ms = null
	sasl.login.refresh.buffer.seconds = 300
	sasl.login.refresh.min.period.seconds = 60
	sasl.login.refresh.window.factor = 0.8
	sasl.login.refresh.window.jitter = 0.05
	sasl.login.retry.backoff.max.ms = 10000
	sasl.login.retry.backoff.ms = 100
	sasl.mechanism = GSSAPI
	sasl.oauthbearer.clock.skew.seconds = 30
	sasl.oauthbearer.expected.audience = null
	sasl.oauthbearer.expected.issuer = null
	sasl.oauthbearer.jwks.endpoint.refresh.ms = 3600000
	sasl.oauthbearer.jwks.endpoint.retry.backoff.max.ms = 10000
	sasl.oauthbearer.jwks.endpoint.retry.backoff.ms = 100
	sasl.oauthbearer.jwks.endpoint.url = null
	sasl.oauthbearer.scope.claim.name = scope
	sasl.oauthbearer.sub.claim.name = sub
	sasl.oauthbearer.token.endpoint.url = null
	security.protocol = PLAINTEXT
	security.providers = null
	send.buffer.bytes = 131072
	socket.connection.setup.timeout.max.ms = 30000
	socket.connection.setup.timeout.ms = 10000
	ssl.cipher.suites = null
	ssl.enabled.protocols = [TLSv1.2, TLSv1.3]
	ssl.endpoint.identification.algorithm = https
	ssl.engine.factory.class = null
	ssl.key.password = null
	ssl.keymanager.algorithm = SunX509
	ssl.keystore.certificate.chain = null
	ssl.keystore.key = null
	ssl.keystore.location = null
	ssl.keystore.password = null
	ssl.keystore.type = JKS
	ssl.protocol = TLSv1.3
	ssl.provider = null
	ssl.secure.random.implementation = null
	ssl.trustmanager.algorithm = PKIX
	ssl.truststore.certificates = null
	ssl.truststore.location = null
	ssl.truststore.password = null
	ssl.truststore.type = JKS

2025-06-25T10:31:43.199+03:00  INFO 19748 --- [auth] [main] o.a.kafka.common.utils.AppInfoParser     : Kafka version: 3.8.1
2025-06-25T10:31:43.200+03:00  INFO 19748 --- [auth] [main] o.a.kafka.common.utils.AppInfoParser     : Kafka commitId: 70d6ff42debf7e17
2025-06-25T10:31:43.201+03:00  INFO 19748 --- [auth] [main] o.a.kafka.common.utils.AppInfoParser     : Kafka startTimeMs: 1750836703198
2025-06-25T10:31:43.646+03:00  WARN 19748 --- [auth] [kafka-admin-client-thread | auth-admin-0] o.a.k.clients.admin.KafkaAdminClient     : [AdminClient clientId=auth-admin-0] The DescribeTopicPartitions API is not supported, using Metadata API to describe topics.
2025-06-25T10:31:43.655+03:00  INFO 19748 --- [auth] [kafka-admin-client-thread | auth-admin-0] o.a.kafka.common.utils.AppInfoParser     : App info kafka.admin.client for auth-admin-0 unregistered
2025-06-25T10:31:43.659+03:00  INFO 19748 --- [auth] [kafka-admin-client-thread | auth-admin-0] o.apache.kafka.common.metrics.Metrics    : Metrics scheduler closed
2025-06-25T10:31:43.659+03:00  INFO 19748 --- [auth] [kafka-admin-client-thread | auth-admin-0] o.apache.kafka.common.metrics.Metrics    : Closing reporter org.apache.kafka.common.metrics.JmxReporter
2025-06-25T10:31:43.660+03:00  INFO 19748 --- [auth] [kafka-admin-client-thread | auth-admin-0] o.apache.kafka.common.metrics.Metrics    : Metrics reporters closed
2025-06-25T10:31:43.679+03:00  INFO 19748 --- [auth] [main] o.s.c.n.eureka.InstanceInfoFactory       : Setting initial instance status as: STARTING
2025-06-25T10:31:43.715+03:00  INFO 19748 --- [auth] [main] com.netflix.discovery.DiscoveryClient    : Initializing Eureka in region us-east-1
2025-06-25T10:31:43.720+03:00  INFO 19748 --- [auth] [main] c.n.d.s.r.aws.ConfigClusterResolver      : Resolving eureka endpoints via configuration
2025-06-25T10:31:43.732+03:00  INFO 19748 --- [auth] [main] com.netflix.discovery.DiscoveryClient    : Disable delta property : false
2025-06-25T10:31:43.733+03:00  INFO 19748 --- [auth] [main] com.netflix.discovery.DiscoveryClient    : Single vip registry refresh property : null
2025-06-25T10:31:43.733+03:00  INFO 19748 --- [auth] [main] com.netflix.discovery.DiscoveryClient    : Force full registry fetch : false
2025-06-25T10:31:43.733+03:00  INFO 19748 --- [auth] [main] com.netflix.discovery.DiscoveryClient    : Application is null : false
2025-06-25T10:31:43.733+03:00  INFO 19748 --- [auth] [main] com.netflix.discovery.DiscoveryClient    : Registered Applications size is zero : true
2025-06-25T10:31:43.733+03:00  INFO 19748 --- [auth] [main] com.netflix.discovery.DiscoveryClient    : Application version is -1: true
2025-06-25T10:31:43.733+03:00  INFO 19748 --- [auth] [main] com.netflix.discovery.DiscoveryClient    : Getting all instance registry info from the eureka server
2025-06-25T10:31:44.081+03:00  INFO 19748 --- [auth] [main] com.netflix.discovery.DiscoveryClient    : The response status is 200
2025-06-25T10:31:44.083+03:00  INFO 19748 --- [auth] [main] com.netflix.discovery.DiscoveryClient    : Starting heartbeat executor: renew interval is: 30
2025-06-25T10:31:44.085+03:00  INFO 19748 --- [auth] [main] c.n.discovery.InstanceInfoReplicator     : InstanceInfoReplicator onDemand update allowed rate per min is 4
2025-06-25T10:31:44.088+03:00  INFO 19748 --- [auth] [main] com.netflix.discovery.DiscoveryClient    : Discovery Client initialized at timestamp 1750836704087 with initial instances count: 1
2025-06-25T10:31:44.092+03:00  INFO 19748 --- [auth] [main] o.s.c.n.e.s.EurekaServiceRegistry        : Registering application AUTH with eureka with status UP
2025-06-25T10:31:44.093+03:00  INFO 19748 --- [auth] [main] com.netflix.discovery.DiscoveryClient    : Saw local status change event StatusChangeEvent [timestamp=1750836704093, current=UP, previous=STARTING]
2025-06-25T10:31:44.097+03:00  INFO 19748 --- [auth] [DiscoveryClient-InstanceInfoReplicator-%d] com.netflix.discovery.DiscoveryClient    : DiscoveryClient_AUTH/192.168.31.50:9001: registering service...
2025-06-25T10:31:44.111+03:00  INFO 19748 --- [auth] [main] o.s.b.w.embedded.tomcat.TomcatWebServer  : Tomcat started on port 9001 (http) with context path '/'
2025-06-25T10:31:44.112+03:00  INFO 19748 --- [auth] [main] .s.c.n.e.s.EurekaAutoServiceRegistration : Updating port to 9001
2025-06-25T10:31:44.153+03:00  INFO 19748 --- [auth] [DiscoveryClient-InstanceInfoReplicator-%d] com.netflix.discovery.DiscoveryClient    : DiscoveryClient_AUTH/192.168.31.50:9001 - registration status: 204
2025-06-25T10:31:44.273+03:00  INFO 19748 --- [auth] [main] com.stupor.auth.AuthApplication       : Started AuthApplication in 6.67 seconds (process running for 7.78)
2025-06-25T10:31:50.609+03:00  INFO 19748 --- [auth] [http-nio-192.168.31.50-9001-exec-2] o.a.c.c.C.[Tomcat].[localhost].[/]       : Initializing Spring DispatcherServlet 'dispatcherServlet'
2025-06-25T10:31:50.609+03:00  INFO 19748 --- [auth] [http-nio-192.168.31.50-9001-exec-2] o.s.web.servlet.DispatcherServlet        : Initializing Servlet 'dispatcherServlet'
2025-06-25T10:31:50.611+03:00  INFO 19748 --- [auth] [http-nio-192.168.31.50-9001-exec-2] o.s.web.servlet.DispatcherServlet        : Completed initialization in 2 ms
2025-06-25T10:32:02.063+03:00  INFO 19748 --- [auth] [SpringApplicationShutdownHook] o.s.c.n.e.s.EurekaServiceRegistry        : Unregistering application AUTH with eureka with status DOWN
2025-06-25T10:32:02.063+03:00  INFO 19748 --- [auth] [SpringApplicationShutdownHook] com.netflix.discovery.DiscoveryClient    : Saw local status change event StatusChangeEvent [timestamp=1750836722063, current=DOWN, previous=UP]
2025-06-25T10:32:02.063+03:00  INFO 19748 --- [auth] [DiscoveryClient-InstanceInfoReplicator-%d] com.netflix.discovery.DiscoveryClient    : DiscoveryClient_AUTH/192.168.31.50:9001: registering service...
2025-06-25T10:32:02.066+03:00  INFO 19748 --- [auth] [SpringApplicationShutdownHook] o.s.b.w.e.tomcat.GracefulShutdown        : Commencing graceful shutdown. Waiting for active requests to complete
2025-06-25T10:32:02.068+03:00  INFO 19748 --- [auth] [tomcat-shutdown] o.s.b.w.e.tomcat.GracefulShutdown        : Graceful shutdown complete
2025-06-25T10:32:02.075+03:00  INFO 19748 --- [auth] [SpringApplicationShutdownHook] com.netflix.discovery.DiscoveryClient    : Shutting down DiscoveryClient ...
2025-06-25T10:32:02.087+03:00  INFO 19748 --- [auth] [DiscoveryClient-InstanceInfoReplicator-%d] com.netflix.discovery.DiscoveryClient    : DiscoveryClient_AUTH/192.168.31.50:9001 - registration status: 204
2025-06-25T10:32:02.087+03:00  INFO 19748 --- [auth] [SpringApplicationShutdownHook] com.netflix.discovery.DiscoveryClient    : Unregistering ...
2025-06-25T10:32:02.095+03:00  INFO 19748 --- [auth] [SpringApplicationShutdownHook] com.netflix.discovery.DiscoveryClient    : DiscoveryClient_AUTH/192.168.31.50:9001 - deregister  status: 200
2025-06-25T10:32:02.096+03:00  INFO 19748 --- [auth] [SpringApplicationShutdownHook] com.netflix.discovery.DiscoveryClient    : Completed shut down of DiscoveryClient
2025-06-25T10:32:20.194+03:00  INFO 6484 --- [auth] [main] o.savchenko.auth.AuthApplicationTests    : Starting AuthApplicationTests using Java 17.0.14 with PID 6484 (started by denis in C:\Users\denis\Desktop\Auth)
2025-06-25T10:32:20.197+03:00  INFO 6484 --- [auth] [main] o.savchenko.auth.AuthApplicationTests    : No active profile set, falling back to 1 default profile: "default"
2025-06-25T10:32:21.475+03:00  INFO 6484 --- [auth] [main] o.s.cloud.context.scope.GenericScope     : BeanFactory id=ba86cfb6-cf6e-3871-b703-b4f98152a26c
2025-06-25T10:32:23.512+03:00  INFO 6484 --- [auth] [main] DiscoveryClientOptionalArgsConfiguration : Eureka HTTP Client uses RestTemplate.
2025-06-25T10:32:23.638+03:00  INFO 6484 --- [auth] [main] o.a.k.clients.admin.AdminClientConfig    : AdminClientConfig values: 
	auto.include.jmx.reporter = true
	bootstrap.controllers = []
	bootstrap.servers = [localhost:9094]
	client.dns.lookup = use_all_dns_ips
	client.id = auth-admin-0
	connections.max.idle.ms = 300000
	default.api.timeout.ms = 60000
	enable.metrics.push = true
	metadata.max.age.ms = 300000
	metadata.recovery.strategy = none
	metric.reporters = []
	metrics.num.samples = 2
	metrics.recording.level = INFO
	metrics.sample.window.ms = 30000
	receive.buffer.bytes = 65536
	reconnect.backoff.max.ms = 1000
	reconnect.backoff.ms = 50
	request.timeout.ms = 30000
	retries = 2147483647
	retry.backoff.max.ms = 1000
	retry.backoff.ms = 100
	sasl.client.callback.handler.class = null
	sasl.jaas.config = null
	sasl.kerberos.kinit.cmd = /usr/bin/kinit
	sasl.kerberos.min.time.before.relogin = 60000
	sasl.kerberos.service.name = null
	sasl.kerberos.ticket.renew.jitter = 0.05
	sasl.kerberos.ticket.renew.window.factor = 0.8
	sasl.login.callback.handler.class = null
	sasl.login.class = null
	sasl.login.connect.timeout.ms = null
	sasl.login.read.timeout.ms = null
	sasl.login.refresh.buffer.seconds = 300
	sasl.login.refresh.min.period.seconds = 60
	sasl.login.refresh.window.factor = 0.8
	sasl.login.refresh.window.jitter = 0.05
	sasl.login.retry.backoff.max.ms = 10000
	sasl.login.retry.backoff.ms = 100
	sasl.mechanism = GSSAPI
	sasl.oauthbearer.clock.skew.seconds = 30
	sasl.oauthbearer.expected.audience = null
	sasl.oauthbearer.expected.issuer = null
	sasl.oauthbearer.jwks.endpoint.refresh.ms = 3600000
	sasl.oauthbearer.jwks.endpoint.retry.backoff.max.ms = 10000
	sasl.oauthbearer.jwks.endpoint.retry.backoff.ms = 100
	sasl.oauthbearer.jwks.endpoint.url = null
	sasl.oauthbearer.scope.claim.name = scope
	sasl.oauthbearer.sub.claim.name = sub
	sasl.oauthbearer.token.endpoint.url = null
	security.protocol = PLAINTEXT
	security.providers = null
	send.buffer.bytes = 131072
	socket.connection.setup.timeout.max.ms = 30000
	socket.connection.setup.timeout.ms = 10000
	ssl.cipher.suites = null
	ssl.enabled.protocols = [TLSv1.2, TLSv1.3]
	ssl.endpoint.identification.algorithm = https
	ssl.engine.factory.class = null
	ssl.key.password = null
	ssl.keymanager.algorithm = SunX509
	ssl.keystore.certificate.chain = null
	ssl.keystore.key = null
	ssl.keystore.location = null
	ssl.keystore.password = null
	ssl.keystore.type = JKS
	ssl.protocol = TLSv1.3
	ssl.provider = null
	ssl.secure.random.implementation = null
	ssl.trustmanager.algorithm = PKIX
	ssl.truststore.certificates = null
	ssl.truststore.location = null
	ssl.truststore.password = null
	ssl.truststore.type = JKS

2025-06-25T10:32:23.770+03:00  INFO 6484 --- [auth] [main] o.a.kafka.common.utils.AppInfoParser     : Kafka version: 3.8.1
2025-06-25T10:32:23.772+03:00  INFO 6484 --- [auth] [main] o.a.kafka.common.utils.AppInfoParser     : Kafka commitId: 70d6ff42debf7e17
2025-06-25T10:32:23.772+03:00  INFO 6484 --- [auth] [main] o.a.kafka.common.utils.AppInfoParser     : Kafka startTimeMs: 1750836743768
2025-06-25T10:32:24.292+03:00  WARN 6484 --- [auth] [kafka-admin-client-thread | auth-admin-0] o.a.k.clients.admin.KafkaAdminClient     : [AdminClient clientId=auth-admin-0] The DescribeTopicPartitions API is not supported, using Metadata API to describe topics.
2025-06-25T10:32:24.300+03:00  INFO 6484 --- [auth] [kafka-admin-client-thread | auth-admin-0] o.a.kafka.common.utils.AppInfoParser     : App info kafka.admin.client for auth-admin-0 unregistered
2025-06-25T10:32:24.304+03:00  INFO 6484 --- [auth] [kafka-admin-client-thread | auth-admin-0] o.apache.kafka.common.metrics.Metrics    : Metrics scheduler closed
2025-06-25T10:32:24.305+03:00  INFO 6484 --- [auth] [kafka-admin-client-thread | auth-admin-0] o.apache.kafka.common.metrics.Metrics    : Closing reporter org.apache.kafka.common.metrics.JmxReporter
2025-06-25T10:32:24.305+03:00  INFO 6484 --- [auth] [kafka-admin-client-thread | auth-admin-0] o.apache.kafka.common.metrics.Metrics    : Metrics reporters closed
2025-06-25T10:32:24.326+03:00  INFO 6484 --- [auth] [main] o.s.c.n.eureka.InstanceInfoFactory       : Setting initial instance status as: STARTING
2025-06-25T10:32:24.355+03:00  INFO 6484 --- [auth] [main] com.netflix.discovery.DiscoveryClient    : Initializing Eureka in region us-east-1
2025-06-25T10:32:24.361+03:00  INFO 6484 --- [auth] [main] c.n.d.s.r.aws.ConfigClusterResolver      : Resolving eureka endpoints via configuration
2025-06-25T10:32:24.375+03:00  INFO 6484 --- [auth] [main] com.netflix.discovery.DiscoveryClient    : Disable delta property : false
2025-06-25T10:32:24.375+03:00  INFO 6484 --- [auth] [main] com.netflix.discovery.DiscoveryClient    : Single vip registry refresh property : null
2025-06-25T10:32:24.375+03:00  INFO 6484 --- [auth] [main] com.netflix.discovery.DiscoveryClient    : Force full registry fetch : false
2025-06-25T10:32:24.375+03:00  INFO 6484 --- [auth] [main] com.netflix.discovery.DiscoveryClient    : Application is null : false
2025-06-25T10:32:24.375+03:00  INFO 6484 --- [auth] [main] com.netflix.discovery.DiscoveryClient    : Registered Applications size is zero : true
2025-06-25T10:32:24.376+03:00  INFO 6484 --- [auth] [main] com.netflix.discovery.DiscoveryClient    : Application version is -1: true
2025-06-25T10:32:24.376+03:00  INFO 6484 --- [auth] [main] com.netflix.discovery.DiscoveryClient    : Getting all instance registry info from the eureka server
2025-06-25T10:32:24.774+03:00  INFO 6484 --- [auth] [main] com.netflix.discovery.DiscoveryClient    : The response status is 200
2025-06-25T10:32:24.776+03:00  INFO 6484 --- [auth] [main] com.netflix.discovery.DiscoveryClient    : Starting heartbeat executor: renew interval is: 30
2025-06-25T10:32:24.779+03:00  INFO 6484 --- [auth] [main] c.n.discovery.InstanceInfoReplicator     : InstanceInfoReplicator onDemand update allowed rate per min is 4
2025-06-25T10:32:24.781+03:00  INFO 6484 --- [auth] [main] com.netflix.discovery.DiscoveryClient    : Discovery Client initialized at timestamp 1750836744780 with initial instances count: 2
2025-06-25T10:32:24.785+03:00  INFO 6484 --- [auth] [main] o.s.c.n.e.s.EurekaServiceRegistry        : Registering application AUTH with eureka with status UP
2025-06-25T10:32:24.786+03:00  INFO 6484 --- [auth] [main] com.netflix.discovery.DiscoveryClient    : Saw local status change event StatusChangeEvent [timestamp=1750836744786, current=UP, previous=STARTING]
2025-06-25T10:32:24.789+03:00  INFO 6484 --- [auth] [DiscoveryClient-InstanceInfoReplicator-%d] com.netflix.discovery.DiscoveryClient    : DiscoveryClient_AUTH/192.168.31.50:9001: registering service...
2025-06-25T10:32:24.799+03:00  INFO 6484 --- [auth] [main] o.savchenko.auth.AuthApplicationTests    : Started AuthApplicationTests in 5.24 seconds (process running for 6.868)
2025-06-25T10:32:24.839+03:00  INFO 6484 --- [auth] [DiscoveryClient-InstanceInfoReplicator-%d] com.netflix.discovery.DiscoveryClient    : DiscoveryClient_AUTH/192.168.31.50:9001 - registration status: 204
2025-06-25T10:32:25.824+03:00  INFO 6484 --- [auth] [SpringApplicationShutdownHook] o.s.c.n.e.s.EurekaServiceRegistry        : Unregistering application AUTH with eureka with status DOWN
2025-06-25T10:32:25.824+03:00  INFO 6484 --- [auth] [SpringApplicationShutdownHook] com.netflix.discovery.DiscoveryClient    : Saw local status change event StatusChangeEvent [timestamp=1750836745824, current=DOWN, previous=UP]
2025-06-25T10:32:25.825+03:00  INFO 6484 --- [auth] [DiscoveryClient-InstanceInfoReplicator-%d] com.netflix.discovery.DiscoveryClient    : DiscoveryClient_AUTH/192.168.31.50:9001: registering service...
2025-06-25T10:32:25.832+03:00  INFO 6484 --- [auth] [SpringApplicationShutdownHook] com.netflix.discovery.DiscoveryClient    : Shutting down DiscoveryClient ...
2025-06-25T10:32:25.835+03:00  INFO 6484 --- [auth] [DiscoveryClient-InstanceInfoReplicator-%d] com.netflix.discovery.DiscoveryClient    : DiscoveryClient_AUTH/192.168.31.50:9001 - registration status: 204
2025-06-25T10:32:25.835+03:00  INFO 6484 --- [auth] [SpringApplicationShutdownHook] com.netflix.discovery.DiscoveryClient    : Unregistering ...
2025-06-25T10:32:25.842+03:00  INFO 6484 --- [auth] [SpringApplicationShutdownHook] com.netflix.discovery.DiscoveryClient    : DiscoveryClient_AUTH/192.168.31.50:9001 - deregister  status: 200
2025-06-25T10:32:25.843+03:00  INFO 6484 --- [auth] [SpringApplicationShutdownHook] com.netflix.discovery.DiscoveryClient    : Completed shut down of DiscoveryClient
2025-06-25T10:32:37.888+03:00  INFO 9300 --- [auth] [main] com.stupor.auth.AuthApplication       : Starting AuthApplication using Java 17.0.14 with PID 9300 (C:\Users\denis\Desktop\Auth\target\classes started by denis in C:\Users\denis\Desktop\Auth)
2025-06-25T10:32:37.893+03:00  INFO 9300 --- [auth] [main] com.stupor.auth.AuthApplication       : No active profile set, falling back to 1 default profile: "default"
2025-06-25T10:32:39.149+03:00  INFO 9300 --- [auth] [main] o.s.cloud.context.scope.GenericScope     : BeanFactory id=f86543d3-1cc4-3d7b-b3ae-aebe876df92c
2025-06-25T10:32:39.647+03:00  INFO 9300 --- [auth] [main] o.s.b.w.embedded.tomcat.TomcatWebServer  : Tomcat initialized with port 9001 (http)
2025-06-25T10:32:39.667+03:00  INFO 9300 --- [auth] [main] o.apache.catalina.core.StandardService   : Starting service [Tomcat]
2025-06-25T10:32:39.667+03:00  INFO 9300 --- [auth] [main] o.apache.catalina.core.StandardEngine    : Starting Servlet engine: [Apache Tomcat/10.1.40]
2025-06-25T10:32:39.772+03:00  INFO 9300 --- [auth] [main] o.a.c.c.C.[Tomcat].[localhost].[/]       : Initializing Spring embedded WebApplicationContext
2025-06-25T10:32:39.773+03:00  INFO 9300 --- [auth] [main] w.s.c.ServletWebServerApplicationContext : Root WebApplicationContext: initialization completed in 1823 ms
2025-06-25T10:32:41.616+03:00  INFO 9300 --- [auth] [main] DiscoveryClientOptionalArgsConfiguration : Eureka HTTP Client uses RestTemplate.
2025-06-25T10:32:41.675+03:00  WARN 9300 --- [auth] [main] iguration$LoadBalancerCaffeineWarnLogger : Spring Cloud LoadBalancer is currently working with the default cache. While this cache implementation is useful for development and tests, it's recommended to use Caffeine cache in production.You can switch to using Caffeine cache, by adding it and org.springframework.cache.caffeine.CaffeineCacheManager to the classpath.
2025-06-25T10:32:41.711+03:00  INFO 9300 --- [auth] [main] o.a.k.clients.admin.AdminClientConfig    : AdminClientConfig values: 
	auto.include.jmx.reporter = true
	bootstrap.controllers = []
	bootstrap.servers = [localhost:9094]
	client.dns.lookup = use_all_dns_ips
	client.id = auth-admin-0
	connections.max.idle.ms = 300000
	default.api.timeout.ms = 60000
	enable.metrics.push = true
	metadata.max.age.ms = 300000
	metadata.recovery.strategy = none
	metric.reporters = []
	metrics.num.samples = 2
	metrics.recording.level = INFO
	metrics.sample.window.ms = 30000
	receive.buffer.bytes = 65536
	reconnect.backoff.max.ms = 1000
	reconnect.backoff.ms = 50
	request.timeout.ms = 30000
	retries = 2147483647
	retry.backoff.max.ms = 1000
	retry.backoff.ms = 100
	sasl.client.callback.handler.class = null
	sasl.jaas.config = null
	sasl.kerberos.kinit.cmd = /usr/bin/kinit
	sasl.kerberos.min.time.before.relogin = 60000
	sasl.kerberos.service.name = null
	sasl.kerberos.ticket.renew.jitter = 0.05
	sasl.kerberos.ticket.renew.window.factor = 0.8
	sasl.login.callback.handler.class = null
	sasl.login.class = null
	sasl.login.connect.timeout.ms = null
	sasl.login.read.timeout.ms = null
	sasl.login.refresh.buffer.seconds = 300
	sasl.login.refresh.min.period.seconds = 60
	sasl.login.refresh.window.factor = 0.8
	sasl.login.refresh.window.jitter = 0.05
	sasl.login.retry.backoff.max.ms = 10000
	sasl.login.retry.backoff.ms = 100
	sasl.mechanism = GSSAPI
	sasl.oauthbearer.clock.skew.seconds = 30
	sasl.oauthbearer.expected.audience = null
	sasl.oauthbearer.expected.issuer = null
	sasl.oauthbearer.jwks.endpoint.refresh.ms = 3600000
	sasl.oauthbearer.jwks.endpoint.retry.backoff.max.ms = 10000
	sasl.oauthbearer.jwks.endpoint.retry.backoff.ms = 100
	sasl.oauthbearer.jwks.endpoint.url = null
	sasl.oauthbearer.scope.claim.name = scope
	sasl.oauthbearer.sub.claim.name = sub
	sasl.oauthbearer.token.endpoint.url = null
	security.protocol = PLAINTEXT
	security.providers = null
	send.buffer.bytes = 131072
	socket.connection.setup.timeout.max.ms = 30000
	socket.connection.setup.timeout.ms = 10000
	ssl.cipher.suites = null
	ssl.enabled.protocols = [TLSv1.2, TLSv1.3]
	ssl.endpoint.identification.algorithm = https
	ssl.engine.factory.class = null
	ssl.key.password = null
	ssl.keymanager.algorithm = SunX509
	ssl.keystore.certificate.chain = null
	ssl.keystore.key = null
	ssl.keystore.location = null
	ssl.keystore.password = null
	ssl.keystore.type = JKS
	ssl.protocol = TLSv1.3
	ssl.provider = null
	ssl.secure.random.implementation = null
	ssl.trustmanager.algorithm = PKIX
	ssl.truststore.certificates = null
	ssl.truststore.location = null
	ssl.truststore.password = null
	ssl.truststore.type = JKS

2025-06-25T10:32:41.797+03:00  INFO 9300 --- [auth] [main] o.a.kafka.common.utils.AppInfoParser     : Kafka version: 3.8.1
2025-06-25T10:32:41.799+03:00  INFO 9300 --- [auth] [main] o.a.kafka.common.utils.AppInfoParser     : Kafka commitId: 70d6ff42debf7e17
2025-06-25T10:32:41.799+03:00  INFO 9300 --- [auth] [main] o.a.kafka.common.utils.AppInfoParser     : Kafka startTimeMs: 1750836761795
2025-06-25T10:32:42.260+03:00  WARN 9300 --- [auth] [kafka-admin-client-thread | auth-admin-0] o.a.k.clients.admin.KafkaAdminClient     : [AdminClient clientId=auth-admin-0] The DescribeTopicPartitions API is not supported, using Metadata API to describe topics.
2025-06-25T10:32:42.270+03:00  INFO 9300 --- [auth] [kafka-admin-client-thread | auth-admin-0] o.a.kafka.common.utils.AppInfoParser     : App info kafka.admin.client for auth-admin-0 unregistered
2025-06-25T10:32:42.276+03:00  INFO 9300 --- [auth] [kafka-admin-client-thread | auth-admin-0] o.apache.kafka.common.metrics.Metrics    : Metrics scheduler closed
2025-06-25T10:32:42.276+03:00  INFO 9300 --- [auth] [kafka-admin-client-thread | auth-admin-0] o.apache.kafka.common.metrics.Metrics    : Closing reporter org.apache.kafka.common.metrics.JmxReporter
2025-06-25T10:32:42.276+03:00  INFO 9300 --- [auth] [kafka-admin-client-thread | auth-admin-0] o.apache.kafka.common.metrics.Metrics    : Metrics reporters closed
2025-06-25T10:32:42.295+03:00  INFO 9300 --- [auth] [main] o.s.c.n.eureka.InstanceInfoFactory       : Setting initial instance status as: STARTING
2025-06-25T10:32:42.331+03:00  INFO 9300 --- [auth] [main] com.netflix.discovery.DiscoveryClient    : Initializing Eureka in region us-east-1
2025-06-25T10:32:42.337+03:00  INFO 9300 --- [auth] [main] c.n.d.s.r.aws.ConfigClusterResolver      : Resolving eureka endpoints via configuration
2025-06-25T10:32:42.351+03:00  INFO 9300 --- [auth] [main] com.netflix.discovery.DiscoveryClient    : Disable delta property : false
2025-06-25T10:32:42.351+03:00  INFO 9300 --- [auth] [main] com.netflix.discovery.DiscoveryClient    : Single vip registry refresh property : null
2025-06-25T10:32:42.352+03:00  INFO 9300 --- [auth] [main] com.netflix.discovery.DiscoveryClient    : Force full registry fetch : false
2025-06-25T10:32:42.352+03:00  INFO 9300 --- [auth] [main] com.netflix.discovery.DiscoveryClient    : Application is null : false
2025-06-25T10:32:42.352+03:00  INFO 9300 --- [auth] [main] com.netflix.discovery.DiscoveryClient    : Registered Applications size is zero : true
2025-06-25T10:32:42.352+03:00  INFO 9300 --- [auth] [main] com.netflix.discovery.DiscoveryClient    : Application version is -1: true
2025-06-25T10:32:42.352+03:00  INFO 9300 --- [auth] [main] com.netflix.discovery.DiscoveryClient    : Getting all instance registry info from the eureka server
2025-06-25T10:32:42.727+03:00  INFO 9300 --- [auth] [main] com.netflix.discovery.DiscoveryClient    : The response status is 200
2025-06-25T10:32:42.733+03:00  INFO 9300 --- [auth] [main] com.netflix.discovery.DiscoveryClient    : Starting heartbeat executor: renew interval is: 30
2025-06-25T10:32:42.735+03:00  INFO 9300 --- [auth] [main] c.n.discovery.InstanceInfoReplicator     : InstanceInfoReplicator onDemand update allowed rate per min is 4
2025-06-25T10:32:42.738+03:00  INFO 9300 --- [auth] [main] com.netflix.discovery.DiscoveryClient    : Discovery Client initialized at timestamp 1750836762737 with initial instances count: 1
2025-06-25T10:32:42.743+03:00  INFO 9300 --- [auth] [main] o.s.c.n.e.s.EurekaServiceRegistry        : Registering application AUTH with eureka with status UP
2025-06-25T10:32:42.744+03:00  INFO 9300 --- [auth] [main] com.netflix.discovery.DiscoveryClient    : Saw local status change event StatusChangeEvent [timestamp=1750836762744, current=UP, previous=STARTING]
2025-06-25T10:32:42.747+03:00  INFO 9300 --- [auth] [DiscoveryClient-InstanceInfoReplicator-%d] com.netflix.discovery.DiscoveryClient    : DiscoveryClient_AUTH/192.168.31.50:9001: registering service...
2025-06-25T10:32:42.763+03:00  INFO 9300 --- [auth] [main] o.s.b.w.embedded.tomcat.TomcatWebServer  : Tomcat started on port 9001 (http) with context path '/'
2025-06-25T10:32:42.765+03:00  INFO 9300 --- [auth] [main] .s.c.n.e.s.EurekaAutoServiceRegistration : Updating port to 9001
2025-06-25T10:32:42.799+03:00  INFO 9300 --- [auth] [DiscoveryClient-InstanceInfoReplicator-%d] com.netflix.discovery.DiscoveryClient    : DiscoveryClient_AUTH/192.168.31.50:9001 - registration status: 204
2025-06-25T10:32:42.920+03:00  INFO 9300 --- [auth] [main] com.stupor.auth.AuthApplication       : Started AuthApplication in 5.824 seconds (process running for 6.726)
2025-06-25T10:32:43.310+03:00  INFO 9300 --- [auth] [http-nio-192.168.31.50-9001-exec-1] o.a.c.c.C.[Tomcat].[localhost].[/]       : Initializing Spring DispatcherServlet 'dispatcherServlet'
2025-06-25T10:32:43.310+03:00  INFO 9300 --- [auth] [http-nio-192.168.31.50-9001-exec-1] o.s.web.servlet.DispatcherServlet        : Initializing Servlet 'dispatcherServlet'
2025-06-25T10:32:43.311+03:00  INFO 9300 --- [auth] [http-nio-192.168.31.50-9001-exec-1] o.s.web.servlet.DispatcherServlet        : Completed initialization in 1 ms
2025-06-25T10:33:39.106+03:00  INFO 9300 --- [auth] [SpringApplicationShutdownHook] o.s.c.n.e.s.EurekaServiceRegistry        : Unregistering application AUTH with eureka with status DOWN
2025-06-25T10:33:39.106+03:00  INFO 9300 --- [auth] [SpringApplicationShutdownHook] com.netflix.discovery.DiscoveryClient    : Saw local status change event StatusChangeEvent [timestamp=1750836819106, current=DOWN, previous=UP]
2025-06-25T10:33:39.107+03:00  INFO 9300 --- [auth] [DiscoveryClient-InstanceInfoReplicator-%d] com.netflix.discovery.DiscoveryClient    : DiscoveryClient_AUTH/192.168.31.50:9001: registering service...
2025-06-25T10:33:39.109+03:00  INFO 9300 --- [auth] [SpringApplicationShutdownHook] o.s.b.w.e.tomcat.GracefulShutdown        : Commencing graceful shutdown. Waiting for active requests to complete
2025-06-25T10:33:39.113+03:00  INFO 9300 --- [auth] [tomcat-shutdown] o.s.b.w.e.tomcat.GracefulShutdown        : Graceful shutdown complete
2025-06-25T10:33:39.119+03:00  INFO 9300 --- [auth] [DiscoveryClient-InstanceInfoReplicator-%d] com.netflix.discovery.DiscoveryClient    : DiscoveryClient_AUTH/192.168.31.50:9001 - registration status: 204
2025-06-25T10:33:39.120+03:00  INFO 9300 --- [auth] [SpringApplicationShutdownHook] com.netflix.discovery.DiscoveryClient    : Shutting down DiscoveryClient ...
